<?xml version="1.0" encoding="UTF-8"?>
<testng-results ignored="0" total="2" passed="2" failed="0" skipped="0">
  <reporter-output>
    <line>
      <![CDATA[Organization name Verified!!!]]>
    </line>
  </reporter-output>
  <suite started-at="2025-01-15T13:16:25 IST" name="Default suite" finished-at="2025-01-15T13:17:15 IST" duration-ms="50396">
    <groups>
    </groups>
    <test started-at="2025-01-15T13:16:25 IST" name="Default test" finished-at="2025-01-15T13:17:15 IST" duration-ms="50396">
      <class name="crm.vtiger.project.TestNG_OrganizationClass">
        <test-method is-config="true" signature="launchBrowser()[pri:0, instance:crm.vtiger.project.TestNG_OrganizationClass@4263b080]" started-at="2025-01-15T13:16:25 IST" name="launchBrowser" finished-at="2025-01-15T13:16:47 IST" duration-ms="21661" status="PASS">
          <reporter-output>
          </reporter-output>
        </test-method> <!-- launchBrowser -->
        <test-method is-config="true" signature="loginPage()[pri:0, instance:crm.vtiger.project.TestNG_OrganizationClass@4263b080]" started-at="2025-01-15T13:16:47 IST" name="loginPage" finished-at="2025-01-15T13:16:52 IST" duration-ms="5204" status="PASS">
          <reporter-output>
          </reporter-output>
        </test-method> <!-- loginPage -->
        <test-method signature="createOrganizationMethod()[pri:1, instance:crm.vtiger.project.TestNG_OrganizationClass@4263b080]" started-at="2025-01-15T13:16:52 IST" name="createOrganizationMethod" finished-at="2025-01-15T13:17:07 IST" duration-ms="15039" status="PASS">
          <reporter-output>
            <line>
              <![CDATA[Organization name Verified!!!]]>
            </line>
          </reporter-output>
        </test-method> <!-- createOrganizationMethod -->
        <test-method is-config="true" signature="logOut()[pri:0, instance:crm.vtiger.project.TestNG_OrganizationClass@4263b080]" started-at="2025-01-15T13:17:07 IST" name="logOut" finished-at="2025-01-15T13:17:08 IST" duration-ms="1327" status="PASS">
          <reporter-output>
          </reporter-output>
        </test-method> <!-- logOut -->
        <test-method is-config="true" signature="loginPage()[pri:0, instance:crm.vtiger.project.TestNG_OrganizationClass@4263b080]" started-at="2025-01-15T13:17:08 IST" name="loginPage" finished-at="2025-01-15T13:17:09 IST" duration-ms="1284" status="PASS">
          <reporter-output>
          </reporter-output>
        </test-method> <!-- loginPage -->
        <test-method signature="createOrganizationWithIndustry()[pri:2, instance:crm.vtiger.project.TestNG_OrganizationClass@4263b080]" started-at="2025-01-15T13:17:09 IST" name="createOrganizationWithIndustry" finished-at="2025-01-15T13:17:14 IST" duration-ms="4993" status="PASS">
          <reporter-output>
          </reporter-output>
        </test-method> <!-- createOrganizationWithIndustry -->
        <test-method is-config="true" signature="logOut()[pri:0, instance:crm.vtiger.project.TestNG_OrganizationClass@4263b080]" started-at="2025-01-15T13:17:14 IST" name="logOut" finished-at="2025-01-15T13:17:15 IST" duration-ms="754" status="PASS">
          <reporter-output>
          </reporter-output>
        </test-method> <!-- logOut -->
        <test-method is-config="true" signature="closeBrowser()[pri:0, instance:crm.vtiger.project.TestNG_OrganizationClass@4263b080]" started-at="2025-01-15T13:17:15 IST" name="closeBrowser" finished-at="2025-01-15T13:17:15 IST" duration-ms="97" status="PASS">
          <reporter-output>
          </reporter-output>
        </test-method> <!-- closeBrowser -->
      </class> <!-- crm.vtiger.project.TestNG_OrganizationClass -->
    </test> <!-- Default test -->
  </suite> <!-- Default suite -->
</testng-results>
