<?xml version="1.0" encoding="UTF-8"?>
<!-- Generated by org.testng.reporters.JUnitXMLReporter -->
<testsuite ignored="0" hostname="LAPTOP-5RVEOITO" failures="0" tests="2" name="Default test" time="50.396" errors="0" timestamp="2025-01-15T13:17:15 IST">
  <testcase classname="crm.vtiger.project.TestNG_OrganizationClass" name="createOrganizationMethod" time="15.039"/>
  <testcase classname="crm.vtiger.project.TestNG_OrganizationClass" name="createOrganizationWithIndustry" time="4.993"/>
</testsuite> <!-- Default test -->
